1592638297694	mozrunner::runner	INFO	Running command: "/usr/bin/firefox" "-marionette" "headless" "lang=ko_KR" "--log-level=3" "-foreground" "-no-remote" "-profile" "/tmp/rust_mozprofile3f59A5"
1592638351125	Marionette	INFO	Listening on port 35359
1592638351883	Marionette	WARN	TLS certificate errors will be ignored for this session
Exiting due to channel error.
Exiting due to channel error.
Exiting due to channel error.
Exiting due to channel error.
Exiting due to channel error.
1592638372590	mozrunner::runner	INFO	Running command: "/usr/bin/firefox" "-marionette" "-foreground" "-no-remote" "-profile" "/tmp/rust_mozprofileeZu6f8"
1592638403383	Marionette	INFO	Listening on port 33919
1592638403492	Marionette	WARN	TLS certificate errors will be ignored for this session
JavaScript warning: http://static2.e-himart.co.kr/resources/domain/display/display.common.js?ver=202006180002, line 638: unreachable code after return statement
JavaScript warning: http://static1.e-himart.co.kr/resources/domain/display/display.common.js?ver=202006180002, line 638: unreachable code after return statement
Exiting due to channel error.
Exiting due to channel error.
Exiting due to channel error.
1592638693708	mozrunner::runner	INFO	Running command: "/usr/bin/firefox" "-marionette" "-headless" "-foreground" "-no-remote" "-profile" "/tmp/rust_mozprofile9KSV5k"
*** You are running in headless mode.
1592638720914	Marionette	INFO	Listening on port 40383
1592638721257	Marionette	WARN	TLS certificate errors will be ignored for this session
JavaScript warning: http://static2.e-himart.co.kr/resources/domain/display/display.common.js?ver=202006180002, line 638: unreachable code after return statement
JavaScript warning: http://static1.e-himart.co.kr/resources/domain/display/display.common.js?ver=202006180002, line 638: unreachable code after return statement
Exiting due to channel error.
Exiting due to channel error.
[GFX1-]: Receive IPC close with reason=AbnormalShutdown
Exiting due to channel error.
1592639198598	mozrunner::runner	INFO	Running command: "/usr/bin/firefox" "-marionette" "-headless" "-foreground" "-no-remote" "-profile" "/tmp/rust_mozprofileg8hVhj"
*** You are running in headless mode.
1592639244001	Marionette	INFO	Listening on port 33969
1592639245168	Marionette	WARN	TLS certificate errors will be ignored for this session
JavaScript warning: http://static2.e-himart.co.kr/resources/domain/display/display.common.js?ver=202006180002, line 638: unreachable code after return statement
JavaScript warning: http://static1.e-himart.co.kr/resources/domain/display/display.common.js?ver=202006180002, line 638: unreachable code after return statement
Exiting due to channel error.
Exiting due to channel error.
[GFX1-]: Receive IPC close with reason=AbnormalShutdown
Exiting due to channel error.
1592640853331	mozrunner::runner	INFO	Running command: "/usr/bin/firefox" "-marionette" "-headless" "-foreground" "-no-remote" "-profile" "/tmp/rust_mozprofile3vUKgg"
*** You are running in headless mode.
1592640902816	Marionette	INFO	Listening on port 33767
1592640902947	Marionette	WARN	TLS certificate errors will be ignored for this session
JavaScript warning: http://static2.e-himart.co.kr/resources/domain/display/display.common.js?ver=202006180002, line 638: unreachable code after return statement
JavaScript warning: http://static1.e-himart.co.kr/resources/domain/display/display.common.js?ver=202006180002, line 638: unreachable code after return statement
Exiting due to channel error.
[GFX1-]: Receive IPC close with reason=AbnormalShutdown
Exiting due to channel error.
[GFX1-]: Receive IPC close with reason=AbnormalShutdown
Exiting due to channel error.
1592641163402	mozrunner::runner	INFO	Running command: "/usr/bin/firefox" "-marionette" "-headless" "-foreground" "-no-remote" "-profile" "/tmp/rust_mozprofilexqV25y"
*** You are running in headless mode.
1592641200381	Marionette	INFO	Listening on port 41897
1592641200800	Marionette	WARN	TLS certificate errors will be ignored for this session
JavaScript warning: http://static2.e-himart.co.kr/resources/domain/display/display.common.js?ver=202006180002, line 638: unreachable code after return statement
JavaScript warning: http://static1.e-himart.co.kr/resources/domain/display/display.common.js?ver=202006180002, line 638: unreachable code after return statement
Exiting due to channel error.
Exiting due to channel error.
Exiting due to channel error.
1592641322132	mozrunner::runner	INFO	Running command: "/usr/bin/firefox" "-marionette" "-headless" "-foreground" "-no-remote" "-profile" "/tmp/rust_mozprofile6Krl9c"
*** You are running in headless mode.
1592641353877	Marionette	INFO	Listening on port 44707
1592641354049	Marionette	WARN	TLS certificate errors will be ignored for this session
JavaScript warning: http://static2.e-himart.co.kr/resources/domain/display/display.common.js?ver=202006180002, line 638: unreachable code after return statement
JavaScript warning: http://static1.e-himart.co.kr/resources/domain/display/display.common.js?ver=202006180002, line 638: unreachable code after return statement
Exiting due to channel error.
Exiting due to channel error.
Exiting due to channel error.
1592641877686	mozrunner::runner	INFO	Running command: "/usr/bin/firefox" "-marionette" "-headless" "-foreground" "-no-remote" "-profile" "/tmp/rust_mozprofileqJGDnq"
*** You are running in headless mode.
1592641912338	Marionette	INFO	Listening on port 35311
1592641912697	Marionette	WARN	TLS certificate errors will be ignored for this session
JavaScript warning: http://static2.e-himart.co.kr/resources/domain/display/display.common.js?ver=202006180002, line 638: unreachable code after return statement
JavaScript warning: http://static1.e-himart.co.kr/resources/domain/display/display.common.js?ver=202006180002, line 638: unreachable code after return statement
Exiting due to channel error.
Exiting due to channel error.
Exiting due to channel error.
1592642055231	mozrunner::runner	INFO	Running command: "/usr/bin/firefox" "-marionette" "-headless" "-foreground" "-no-remote" "-profile" "/tmp/rust_mozprofile2IMpCC"
*** You are running in headless mode.
1592642098605	Marionette	INFO	Listening on port 39887
1592642099011	Marionette	WARN	TLS certificate errors will be ignored for this session
JavaScript warning: http://static2.e-himart.co.kr/resources/domain/display/display.common.js?ver=202006180002, line 638: unreachable code after return statement
JavaScript warning: http://static1.e-himart.co.kr/resources/domain/display/display.common.js?ver=202006180002, line 638: unreachable code after return statement
Exiting due to channel error.
Exiting due to channel error.
Exiting due to channel error.
1592642380584	mozrunner::runner	INFO	Running command: "/usr/bin/firefox" "-marionette" "-headless" "-foreground" "-no-remote" "-profile" "/tmp/rust_mozprofile5L7dRn"
*** You are running in headless mode.
1592642432248	Marionette	INFO	Listening on port 37459
1592642432419	Marionette	WARN	TLS certificate errors will be ignored for this session
JavaScript warning: http://static2.e-himart.co.kr/resources/domain/display/display.common.js?ver=202006180002, line 638: unreachable code after return statement
JavaScript warning: http://static1.e-himart.co.kr/resources/domain/display/display.common.js?ver=202006180002, line 638: unreachable code after return statement
JavaScript warning: http://static2.e-himart.co.kr/resources/domain/display/display.common.js?ver=202006180002, line 638: unreachable code after return statement
JavaScript error: resource://gre/actors/ThumbnailsChild.jsm, line 29: InvalidStateError: An attempt was made to use an object that is not, or is no longer, usable
JavaScript warning: http://static1.e-himart.co.kr/resources/domain/display/display.common.js?ver=202006180002, line 638: unreachable code after return statement
JavaScript warning: http://static2.e-himart.co.kr/resources/domain/display/display.common.js?ver=202006180002, line 638: unreachable code after return statement
JavaScript warning: http://static1.e-himart.co.kr/resources/domain/display/display.common.js?ver=202006180002, line 638: unreachable code after return statement
JavaScript error: resource://gre/actors/ThumbnailsChild.jsm, line 29: InvalidStateError: An attempt was made to use an object that is not, or is no longer, usable
JavaScript warning: http://static2.e-himart.co.kr/resources/domain/display/display.common.js?ver=202006180002, line 638: unreachable code after return statement
JavaScript error: resource://gre/actors/ThumbnailsChild.jsm, line 29: InvalidStateError: An attempt was made to use an object that is not, or is no longer, usable
JavaScript warning: http://static1.e-himart.co.kr/resources/domain/display/display.common.js?ver=202006180002, line 638: unreachable code after return statement
JavaScript warning: http://static2.e-himart.co.kr/resources/domain/display/display.common.js?ver=202006180002, line 638: unreachable code after return statement
1592646446581	mozrunner::runner	INFO	Running command: "/usr/bin/firefox" "-marionette" "-headless" "-foreground" "-no-remote" "-profile" "/tmp/rust_mozprofileEHQJd2"
*** You are running in headless mode.
1592646483943	Marionette	INFO	Listening on port 34463
1592646484128	Marionette	WARN	TLS certificate errors will be ignored for this session
JavaScript warning: http://static2.e-himart.co.kr/resources/domain/display/display.common.js?ver=202006180002, line 638: unreachable code after return statement
JavaScript warning: http://static1.e-himart.co.kr/resources/domain/display/display.common.js?ver=202006180002, line 638: unreachable code after return statement
Exiting due to channel error.
Exiting due to channel error.
[GFX1-]: Receive IPC close with reason=AbnormalShutdown
Exiting due to channel error.
